{"/home/mallanic/Projects/mqtt-system-agent/src/core/BaseFeature.ts": {"path":"/home/mallanic/Projects/mqtt-system-agent/src/core/BaseFeature.ts","all":false,"statementMap":{"0":{"start":{"line":1,"column":0},"end":{"line":1,"column":26}},"1":{"start":{"line":2,"column":0},"end":{"line":2,"column":0}},"2":{"start":{"line":3,"column":0},"end":{"line":3,"column":97}},"3":{"start":{"line":4,"column":0},"end":{"line":4,"column":42}},"4":{"start":{"line":5,"column":0},"end":{"line":5,"column":0}},"5":{"start":{"line":6,"column":0},"end":{"line":6,"column":3}},"6":{"start":{"line":7,"column":0},"end":{"line":7,"column":40}},"7":{"start":{"line":8,"column":0},"end":{"line":8,"column":83}},"8":{"start":{"line":9,"column":0},"end":{"line":9,"column":3}},"9":{"start":{"line":10,"column":0},"end":{"line":10,"column":35}},"10":{"start":{"line":11,"column":0},"end":{"line":11,"column":44}},"11":{"start":{"line":12,"column":0},"end":{"line":12,"column":46}},"12":{"start":{"line":13,"column":0},"end":{"line":13,"column":72}},"13":{"start":{"line":14,"column":0},"end":{"line":14,"column":50}},"14":{"start":{"line":15,"column":0},"end":{"line":15,"column":44}},"15":{"start":{"line":16,"column":0},"end":{"line":16,"column":39}},"16":{"start":{"line":17,"column":0},"end":{"line":17,"column":47}},"17":{"start":{"line":18,"column":0},"end":{"line":18,"column":57}},"18":{"start":{"line":19,"column":0},"end":{"line":19,"column":61}},"19":{"start":{"line":20,"column":0},"end":{"line":20,"column":0}},"20":{"start":{"line":21,"column":0},"end":{"line":21,"column":44}},"21":{"start":{"line":22,"column":0},"end":{"line":22,"column":0}},"22":{"start":{"line":23,"column":0},"end":{"line":23,"column":14}},"23":{"start":{"line":24,"column":0},"end":{"line":24,"column":27}},"24":{"start":{"line":25,"column":0},"end":{"line":25,"column":24}},"25":{"start":{"line":26,"column":0},"end":{"line":26,"column":5}},"26":{"start":{"line":27,"column":0},"end":{"line":27,"column":33}},"27":{"start":{"line":28,"column":0},"end":{"line":28,"column":74}},"28":{"start":{"line":29,"column":0},"end":{"line":29,"column":36}},"29":{"start":{"line":30,"column":0},"end":{"line":30,"column":92}},"30":{"start":{"line":31,"column":0},"end":{"line":31,"column":51}},"31":{"start":{"line":32,"column":0},"end":{"line":32,"column":127}},"32":{"start":{"line":33,"column":0},"end":{"line":33,"column":56}},"33":{"start":{"line":34,"column":0},"end":{"line":34,"column":3}},"34":{"start":{"line":35,"column":0},"end":{"line":35,"column":0}},"35":{"start":{"line":36,"column":0},"end":{"line":36,"column":5}},"36":{"start":{"line":37,"column":0},"end":{"line":37,"column":29}},"37":{"start":{"line":38,"column":0},"end":{"line":38,"column":39}},"38":{"start":{"line":39,"column":0},"end":{"line":39,"column":32}},"39":{"start":{"line":40,"column":0},"end":{"line":40,"column":40}},"40":{"start":{"line":41,"column":0},"end":{"line":41,"column":5}},"41":{"start":{"line":42,"column":0},"end":{"line":42,"column":36}},"42":{"start":{"line":43,"column":0},"end":{"line":43,"column":29}},"43":{"start":{"line":44,"column":0},"end":{"line":44,"column":3}},"44":{"start":{"line":45,"column":0},"end":{"line":45,"column":0}},"45":{"start":{"line":46,"column":0},"end":{"line":46,"column":39}},"46":{"start":{"line":47,"column":0},"end":{"line":47,"column":38}},"47":{"start":{"line":48,"column":0},"end":{"line":48,"column":68}},"48":{"start":{"line":49,"column":0},"end":{"line":49,"column":13}},"49":{"start":{"line":50,"column":0},"end":{"line":50,"column":5}},"50":{"start":{"line":51,"column":0},"end":{"line":51,"column":0}},"51":{"start":{"line":52,"column":0},"end":{"line":52,"column":9}},"52":{"start":{"line":53,"column":0},"end":{"line":53,"column":36}},"53":{"start":{"line":54,"column":0},"end":{"line":54,"column":51}},"54":{"start":{"line":55,"column":0},"end":{"line":55,"column":6}},"55":{"start":{"line":56,"column":0},"end":{"line":56,"column":23}},"56":{"start":{"line":57,"column":0},"end":{"line":57,"column":27}},"57":{"start":{"line":58,"column":0},"end":{"line":58,"column":0}},"58":{"start":{"line":59,"column":0},"end":{"line":59,"column":60}},"59":{"start":{"line":60,"column":0},"end":{"line":60,"column":105}},"60":{"start":{"line":61,"column":0},"end":{"line":61,"column":44}},"61":{"start":{"line":62,"column":0},"end":{"line":62,"column":23}},"62":{"start":{"line":63,"column":0},"end":{"line":63,"column":17}},"63":{"start":{"line":64,"column":0},"end":{"line":64,"column":34}},"64":{"start":{"line":65,"column":0},"end":{"line":65,"column":29}},"65":{"start":{"line":66,"column":0},"end":{"line":66,"column":94}},"66":{"start":{"line":67,"column":0},"end":{"line":67,"column":13}},"67":{"start":{"line":68,"column":0},"end":{"line":68,"column":12}},"68":{"start":{"line":69,"column":0},"end":{"line":69,"column":60}},"69":{"start":{"line":70,"column":0},"end":{"line":70,"column":10}},"70":{"start":{"line":71,"column":0},"end":{"line":71,"column":133}},"71":{"start":{"line":72,"column":0},"end":{"line":72,"column":7}},"72":{"start":{"line":73,"column":0},"end":{"line":73,"column":76}},"73":{"start":{"line":74,"column":0},"end":{"line":74,"column":21}},"74":{"start":{"line":75,"column":0},"end":{"line":75,"column":76}},"75":{"start":{"line":76,"column":0},"end":{"line":76,"column":5}},"76":{"start":{"line":77,"column":0},"end":{"line":77,"column":3}},"77":{"start":{"line":78,"column":0},"end":{"line":78,"column":0}},"78":{"start":{"line":79,"column":0},"end":{"line":79,"column":5}},"79":{"start":{"line":80,"column":0},"end":{"line":80,"column":23}},"80":{"start":{"line":81,"column":0},"end":{"line":81,"column":36}},"81":{"start":{"line":82,"column":0},"end":{"line":82,"column":38}},"82":{"start":{"line":83,"column":0},"end":{"line":83,"column":5}},"83":{"start":{"line":84,"column":0},"end":{"line":84,"column":38}},"84":{"start":{"line":85,"column":0},"end":{"line":85,"column":32}},"85":{"start":{"line":86,"column":0},"end":{"line":86,"column":43}},"86":{"start":{"line":87,"column":0},"end":{"line":87,"column":40}},"87":{"start":{"line":88,"column":0},"end":{"line":88,"column":5}},"88":{"start":{"line":89,"column":0},"end":{"line":89,"column":53}},"89":{"start":{"line":90,"column":0},"end":{"line":90,"column":60}},"90":{"start":{"line":91,"column":0},"end":{"line":91,"column":3}},"91":{"start":{"line":92,"column":0},"end":{"line":92,"column":0}},"92":{"start":{"line":93,"column":0},"end":{"line":93,"column":5}},"93":{"start":{"line":94,"column":0},"end":{"line":94,"column":90}},"94":{"start":{"line":95,"column":0},"end":{"line":95,"column":67}},"95":{"start":{"line":96,"column":0},"end":{"line":96,"column":5}},"96":{"start":{"line":97,"column":0},"end":{"line":97,"column":55}},"97":{"start":{"line":98,"column":0},"end":{"line":98,"column":0}},"98":{"start":{"line":99,"column":0},"end":{"line":99,"column":5}},"99":{"start":{"line":100,"column":0},"end":{"line":100,"column":76}},"100":{"start":{"line":101,"column":0},"end":{"line":101,"column":42}},"101":{"start":{"line":102,"column":0},"end":{"line":102,"column":5}},"102":{"start":{"line":103,"column":0},"end":{"line":103,"column":45}},"103":{"start":{"line":104,"column":0},"end":{"line":104,"column":0}},"104":{"start":{"line":105,"column":0},"end":{"line":105,"column":5}},"105":{"start":{"line":106,"column":0},"end":{"line":106,"column":68}},"106":{"start":{"line":107,"column":0},"end":{"line":107,"column":76}},"107":{"start":{"line":108,"column":0},"end":{"line":108,"column":32}},"108":{"start":{"line":109,"column":0},"end":{"line":109,"column":5}},"109":{"start":{"line":110,"column":0},"end":{"line":110,"column":42}},"110":{"start":{"line":111,"column":0},"end":{"line":111,"column":77}},"111":{"start":{"line":112,"column":0},"end":{"line":112,"column":3}},"112":{"start":{"line":113,"column":0},"end":{"line":113,"column":0}},"113":{"start":{"line":114,"column":0},"end":{"line":114,"column":5}},"114":{"start":{"line":115,"column":0},"end":{"line":115,"column":69}},"115":{"start":{"line":116,"column":0},"end":{"line":116,"column":5}},"116":{"start":{"line":117,"column":0},"end":{"line":117,"column":44}},"117":{"start":{"line":118,"column":0},"end":{"line":118,"column":77}},"118":{"start":{"line":119,"column":0},"end":{"line":119,"column":3}},"119":{"start":{"line":120,"column":0},"end":{"line":120,"column":0}},"120":{"start":{"line":121,"column":0},"end":{"line":121,"column":5}},"121":{"start":{"line":122,"column":0},"end":{"line":122,"column":72}},"122":{"start":{"line":123,"column":0},"end":{"line":123,"column":88}},"123":{"start":{"line":124,"column":0},"end":{"line":124,"column":104}},"124":{"start":{"line":125,"column":0},"end":{"line":125,"column":104}},"125":{"start":{"line":126,"column":0},"end":{"line":126,"column":5}},"126":{"start":{"line":127,"column":0},"end":{"line":127,"column":132}},"127":{"start":{"line":128,"column":0},"end":{"line":128,"column":90}},"128":{"start":{"line":129,"column":0},"end":{"line":129,"column":109}},"129":{"start":{"line":130,"column":0},"end":{"line":130,"column":0}},"130":{"start":{"line":131,"column":0},"end":{"line":131,"column":45}},"131":{"start":{"line":132,"column":0},"end":{"line":132,"column":17}},"132":{"start":{"line":133,"column":0},"end":{"line":133,"column":26}},"133":{"start":{"line":134,"column":0},"end":{"line":134,"column":133}},"134":{"start":{"line":135,"column":0},"end":{"line":135,"column":30}},"135":{"start":{"line":136,"column":0},"end":{"line":136,"column":49}},"136":{"start":{"line":137,"column":0},"end":{"line":137,"column":47}},"137":{"start":{"line":138,"column":0},"end":{"line":138,"column":54}},"138":{"start":{"line":139,"column":0},"end":{"line":139,"column":100}},"139":{"start":{"line":140,"column":0},"end":{"line":140,"column":91}},"140":{"start":{"line":141,"column":0},"end":{"line":141,"column":121}},"141":{"start":{"line":142,"column":0},"end":{"line":142,"column":97}},"142":{"start":{"line":143,"column":0},"end":{"line":143,"column":6}},"143":{"start":{"line":144,"column":0},"end":{"line":144,"column":0}},"144":{"start":{"line":145,"column":0},"end":{"line":145,"column":60}},"145":{"start":{"line":146,"column":0},"end":{"line":146,"column":121}},"146":{"start":{"line":147,"column":0},"end":{"line":147,"column":0}},"147":{"start":{"line":148,"column":0},"end":{"line":148,"column":9}},"148":{"start":{"line":149,"column":0},"end":{"line":149,"column":107}},"149":{"start":{"line":150,"column":0},"end":{"line":150,"column":96}},"150":{"start":{"line":151,"column":0},"end":{"line":151,"column":21}},"151":{"start":{"line":152,"column":0},"end":{"line":152,"column":75}},"152":{"start":{"line":153,"column":0},"end":{"line":153,"column":5}},"153":{"start":{"line":154,"column":0},"end":{"line":154,"column":3}},"154":{"start":{"line":155,"column":0},"end":{"line":155,"column":2}},"155":{"start":{"line":156,"column":0},"end":{"line":156,"column":5}},"156":{"start":{"line":157,"column":0},"end":{"line":157,"column":79}},"157":{"start":{"line":158,"column":0},"end":{"line":158,"column":38}},"158":{"start":{"line":159,"column":0},"end":{"line":159,"column":5}},"159":{"start":{"line":160,"column":0},"end":{"line":160,"column":48}},"160":{"start":{"line":161,"column":0},"end":{"line":161,"column":99}},"161":{"start":{"line":162,"column":0},"end":{"line":162,"column":61}},"162":{"start":{"line":163,"column":0},"end":{"line":163,"column":5}},"163":{"start":{"line":164,"column":0},"end":{"line":164,"column":40}},"164":{"start":{"line":165,"column":0},"end":{"line":165,"column":3}},"165":{"start":{"line":166,"column":0},"end":{"line":166,"column":0}},"166":{"start":{"line":167,"column":0},"end":{"line":167,"column":5}},"167":{"start":{"line":168,"column":0},"end":{"line":168,"column":48}},"168":{"start":{"line":169,"column":0},"end":{"line":169,"column":79}},"169":{"start":{"line":170,"column":0},"end":{"line":170,"column":53}},"170":{"start":{"line":171,"column":0},"end":{"line":171,"column":49}},"171":{"start":{"line":172,"column":0},"end":{"line":172,"column":5}},"172":{"start":{"line":173,"column":0},"end":{"line":173,"column":121}},"173":{"start":{"line":174,"column":0},"end":{"line":174,"column":46}},"174":{"start":{"line":175,"column":0},"end":{"line":175,"column":9}},"175":{"start":{"line":176,"column":0},"end":{"line":176,"column":82}},"176":{"start":{"line":177,"column":0},"end":{"line":177,"column":68}},"177":{"start":{"line":178,"column":0},"end":{"line":178,"column":21}},"178":{"start":{"line":179,"column":0},"end":{"line":179,"column":71}},"179":{"start":{"line":180,"column":0},"end":{"line":180,"column":5}},"180":{"start":{"line":181,"column":0},"end":{"line":181,"column":3}},"181":{"start":{"line":182,"column":0},"end":{"line":182,"column":0}},"182":{"start":{"line":183,"column":0},"end":{"line":183,"column":5}},"183":{"start":{"line":184,"column":0},"end":{"line":184,"column":63}},"184":{"start":{"line":185,"column":0},"end":{"line":185,"column":79}},"185":{"start":{"line":186,"column":0},"end":{"line":186,"column":65}},"186":{"start":{"line":187,"column":0},"end":{"line":187,"column":49}},"187":{"start":{"line":188,"column":0},"end":{"line":188,"column":5}},"188":{"start":{"line":189,"column":0},"end":{"line":189,"column":112}},"189":{"start":{"line":190,"column":0},"end":{"line":190,"column":46}},"190":{"start":{"line":191,"column":0},"end":{"line":191,"column":9}},"191":{"start":{"line":192,"column":0},"end":{"line":192,"column":95}},"192":{"start":{"line":193,"column":0},"end":{"line":193,"column":76}},"193":{"start":{"line":194,"column":0},"end":{"line":194,"column":21}},"194":{"start":{"line":195,"column":0},"end":{"line":195,"column":76}},"195":{"start":{"line":196,"column":0},"end":{"line":196,"column":5}},"196":{"start":{"line":197,"column":0},"end":{"line":197,"column":3}},"197":{"start":{"line":198,"column":0},"end":{"line":198,"column":1}}},"s":{"0":1,"1":1,"2":1,"3":1,"4":1,"5":1,"6":1,"7":1,"8":1,"9":1,"10":1,"11":1,"12":1,"13":1,"14":1,"15":1,"16":1,"17":1,"18":1,"19":1,"20":1,"21":1,"22":1,"23":7,"24":7,"25":7,"26":7,"27":7,"28":7,"29":7,"30":7,"31":7,"32":7,"33":7,"34":1,"35":1,"36":1,"37":1,"38":1,"39":1,"40":1,"41":1,"42":39,"43":39,"44":1,"45":1,"46":7,"47":0,"48":0,"49":0,"50":7,"51":7,"52":7,"53":7,"54":7,"55":7,"56":7,"57":7,"58":7,"59":7,"60":7,"61":7,"62":0,"63":0,"64":0,"65":0,"66":0,"67":7,"68":7,"69":7,"70":7,"71":7,"72":7,"73":7,"74":0,"75":0,"76":7,"77":1,"78":1,"79":1,"80":1,"81":1,"82":1,"83":1,"84":7,"85":7,"86":7,"87":7,"88":7,"89":7,"90":7,"91":1,"92":1,"93":1,"94":1,"95":1,"96":1,"97":1,"98":1,"99":1,"100":1,"101":1,"102":1,"103":1,"104":1,"105":1,"106":1,"107":1,"108":1,"109":1,"110":7,"111":7,"112":1,"113":1,"114":1,"115":1,"116":1,"117":7,"118":7,"119":1,"120":1,"121":1,"122":1,"123":1,"124":1,"125":1,"126":1,"127":12,"128":12,"129":12,"130":12,"131":12,"132":12,"133":12,"134":12,"135":12,"136":12,"137":12,"138":12,"139":12,"140":12,"141":12,"142":12,"143":12,"144":12,"145":12,"146":12,"147":12,"148":12,"149":12,"150":12,"151":0,"152":0,"153":12,"154":1,"155":1,"156":1,"157":1,"158":1,"159":1,"160":58,"161":21,"162":21,"163":37,"164":37,"165":1,"166":1,"167":1,"168":1,"169":1,"170":1,"171":1,"172":1,"173":9,"174":9,"175":9,"176":9,"177":9,"178":0,"179":0,"180":9,"181":1,"182":1,"183":1,"184":1,"185":1,"186":1,"187":1,"188":1,"189":7,"190":7,"191":7,"192":7,"193":7,"194":0,"195":0,"196":7,"197":1},"branchMap":{"0":{"type":"branch","line":23,"loc":{"start":{"line":23,"column":2},"end":{"line":34,"column":3}},"locations":[{"start":{"line":23,"column":2},"end":{"line":34,"column":3}}]},"1":{"type":"branch","line":30,"loc":{"start":{"line":30,"column":69},"end":{"line":30,"column":91}},"locations":[{"start":{"line":30,"column":69},"end":{"line":30,"column":91}}]},"2":{"type":"branch","line":42,"loc":{"start":{"line":42,"column":2},"end":{"line":44,"column":3}},"locations":[{"start":{"line":42,"column":2},"end":{"line":44,"column":3}}]},"3":{"type":"branch","line":46,"loc":{"start":{"line":46,"column":9},"end":{"line":77,"column":3}},"locations":[{"start":{"line":46,"column":9},"end":{"line":77,"column":3}}]},"4":{"type":"branch","line":47,"loc":{"start":{"line":47,"column":37},"end":{"line":50,"column":5}},"locations":[{"start":{"line":47,"column":37},"end":{"line":50,"column":5}}]},"5":{"type":"branch","line":74,"loc":{"start":{"line":74,"column":6},"end":{"line":76,"column":5}},"locations":[{"start":{"line":74,"column":6},"end":{"line":76,"column":5}}]},"6":{"type":"branch","line":84,"loc":{"start":{"line":84,"column":9},"end":{"line":91,"column":3}},"locations":[{"start":{"line":84,"column":9},"end":{"line":91,"column":3}}]},"7":{"type":"branch","line":110,"loc":{"start":{"line":110,"column":12},"end":{"line":112,"column":3}},"locations":[{"start":{"line":110,"column":12},"end":{"line":112,"column":3}}]},"8":{"type":"branch","line":117,"loc":{"start":{"line":117,"column":12},"end":{"line":119,"column":3}},"locations":[{"start":{"line":117,"column":12},"end":{"line":119,"column":3}}]},"9":{"type":"branch","line":127,"loc":{"start":{"line":127,"column":12},"end":{"line":154,"column":3}},"locations":[{"start":{"line":127,"column":12},"end":{"line":154,"column":3}}]},"10":{"type":"branch","line":134,"loc":{"start":{"line":134,"column":24},"end":{"line":134,"column":105}},"locations":[{"start":{"line":134,"column":24},"end":{"line":134,"column":105}}]},"11":{"type":"branch","line":140,"loc":{"start":{"line":140,"column":79},"end":{"line":140,"column":90}},"locations":[{"start":{"line":140,"column":79},"end":{"line":140,"column":90}}]},"12":{"type":"branch","line":141,"loc":{"start":{"line":141,"column":59},"end":{"line":141,"column":108}},"locations":[{"start":{"line":141,"column":59},"end":{"line":141,"column":108}}]},"13":{"type":"branch","line":141,"loc":{"start":{"line":141,"column":109},"end":{"line":141,"column":120}},"locations":[{"start":{"line":141,"column":109},"end":{"line":141,"column":120}}]},"14":{"type":"branch","line":142,"loc":{"start":{"line":142,"column":43},"end":{"line":142,"column":84}},"locations":[{"start":{"line":142,"column":43},"end":{"line":142,"column":84}}]},"15":{"type":"branch","line":151,"loc":{"start":{"line":151,"column":6},"end":{"line":153,"column":5}},"locations":[{"start":{"line":151,"column":6},"end":{"line":153,"column":5}}]},"16":{"type":"branch","line":146,"loc":{"start":{"line":146,"column":37},"end":{"line":146,"column":119}},"locations":[{"start":{"line":146,"column":37},"end":{"line":146,"column":119}}]},"17":{"type":"branch","line":146,"loc":{"start":{"line":146,"column":83},"end":{"line":146,"column":119}},"locations":[{"start":{"line":146,"column":83},"end":{"line":146,"column":119}}]},"18":{"type":"branch","line":160,"loc":{"start":{"line":160,"column":12},"end":{"line":165,"column":3}},"locations":[{"start":{"line":160,"column":12},"end":{"line":165,"column":3}}]},"19":{"type":"branch","line":161,"loc":{"start":{"line":161,"column":98},"end":{"line":163,"column":5}},"locations":[{"start":{"line":161,"column":98},"end":{"line":163,"column":5}}]},"20":{"type":"branch","line":164,"loc":{"start":{"line":164,"column":-1},"end":{"line":165,"column":3}},"locations":[{"start":{"line":164,"column":-1},"end":{"line":165,"column":3}}]},"21":{"type":"branch","line":173,"loc":{"start":{"line":173,"column":12},"end":{"line":181,"column":3}},"locations":[{"start":{"line":173,"column":12},"end":{"line":181,"column":3}}]},"22":{"type":"branch","line":178,"loc":{"start":{"line":178,"column":6},"end":{"line":180,"column":5}},"locations":[{"start":{"line":178,"column":6},"end":{"line":180,"column":5}}]},"23":{"type":"branch","line":189,"loc":{"start":{"line":189,"column":12},"end":{"line":197,"column":3}},"locations":[{"start":{"line":189,"column":12},"end":{"line":197,"column":3}}]},"24":{"type":"branch","line":194,"loc":{"start":{"line":194,"column":6},"end":{"line":196,"column":5}},"locations":[{"start":{"line":194,"column":6},"end":{"line":196,"column":5}}]}},"b":{"0":[7],"1":[0],"2":[39],"3":[7],"4":[0],"5":[0],"6":[7],"7":[7],"8":[7],"9":[12],"10":[0],"11":[0],"12":[9],"13":[3],"14":[0],"15":[0],"16":[144],"17":[15],"18":[58],"19":[21],"20":[37],"21":[9],"22":[0],"23":[7],"24":[0]},"fnMap":{"0":{"name":"BaseFeature","decl":{"start":{"line":23,"column":2},"end":{"line":34,"column":3}},"loc":{"start":{"line":23,"column":2},"end":{"line":34,"column":3}},"line":23},"1":{"name":"get featureName","decl":{"start":{"line":42,"column":2},"end":{"line":44,"column":3}},"loc":{"start":{"line":42,"column":2},"end":{"line":44,"column":3}},"line":42},"2":{"name":"start","decl":{"start":{"line":46,"column":9},"end":{"line":77,"column":3}},"loc":{"start":{"line":46,"column":9},"end":{"line":77,"column":3}},"line":46},"3":{"name":"stop","decl":{"start":{"line":84,"column":9},"end":{"line":91,"column":3}},"loc":{"start":{"line":84,"column":9},"end":{"line":91,"column":3}},"line":84},"4":{"name":"setup","decl":{"start":{"line":110,"column":12},"end":{"line":112,"column":3}},"loc":{"start":{"line":110,"column":12},"end":{"line":112,"column":3}},"line":110},"5":{"name":"cleanup","decl":{"start":{"line":117,"column":12},"end":{"line":119,"column":3}},"loc":{"start":{"line":117,"column":12},"end":{"line":119,"column":3}},"line":117},"6":{"name":"publishEntityDiscovery","decl":{"start":{"line":127,"column":12},"end":{"line":154,"column":3}},"loc":{"start":{"line":127,"column":12},"end":{"line":154,"column":3}},"line":127},"7":{"name":"prefixTopic","decl":{"start":{"line":160,"column":12},"end":{"line":165,"column":3}},"loc":{"start":{"line":160,"column":12},"end":{"line":165,"column":3}},"line":160},"8":{"name":"publishState","decl":{"start":{"line":173,"column":12},"end":{"line":181,"column":3}},"loc":{"start":{"line":173,"column":12},"end":{"line":181,"column":3}},"line":173},"9":{"name":"publishAttributes","decl":{"start":{"line":189,"column":12},"end":{"line":197,"column":3}},"loc":{"start":{"line":189,"column":12},"end":{"line":197,"column":3}},"line":189}},"f":{"0":7,"1":39,"2":7,"3":7,"4":7,"5":7,"6":12,"7":58,"8":9,"9":7}}
,"/home/mallanic/Projects/mqtt-system-agent/src/features/cpu/CpuLoad.ts": {"path":"/home/mallanic/Projects/mqtt-system-agent/src/features/cpu/CpuLoad.ts","all":false,"statementMap":{"0":{"start":{"line":1,"column":0},"end":{"line":1,"column":30}},"1":{"start":{"line":2,"column":0},"end":{"line":2,"column":0}},"2":{"start":{"line":3,"column":0},"end":{"line":3,"column":53}},"3":{"start":{"line":4,"column":0},"end":{"line":4,"column":46}},"4":{"start":{"line":5,"column":0},"end":{"line":5,"column":40}},"5":{"start":{"line":6,"column":0},"end":{"line":6,"column":0}},"6":{"start":{"line":7,"column":0},"end":{"line":7,"column":42}},"7":{"start":{"line":8,"column":0},"end":{"line":8,"column":72}},"8":{"start":{"line":9,"column":0},"end":{"line":9,"column":0}},"9":{"start":{"line":10,"column":0},"end":{"line":10,"column":73}},"10":{"start":{"line":11,"column":0},"end":{"line":11,"column":35}},"11":{"start":{"line":12,"column":0},"end":{"line":12,"column":3}},"12":{"start":{"line":13,"column":0},"end":{"line":13,"column":0}},"13":{"start":{"line":14,"column":0},"end":{"line":14,"column":53}},"14":{"start":{"line":15,"column":0},"end":{"line":15,"column":50}},"15":{"start":{"line":16,"column":0},"end":{"line":16,"column":0}},"16":{"start":{"line":17,"column":0},"end":{"line":17,"column":23}},"17":{"start":{"line":18,"column":0},"end":{"line":18,"column":24}},"18":{"start":{"line":19,"column":0},"end":{"line":19,"column":55}},"19":{"start":{"line":20,"column":0},"end":{"line":20,"column":73}},"20":{"start":{"line":21,"column":0},"end":{"line":21,"column":31}},"21":{"start":{"line":22,"column":0},"end":{"line":22,"column":24}},"22":{"start":{"line":23,"column":0},"end":{"line":23,"column":52}},"23":{"start":{"line":24,"column":0},"end":{"line":24,"column":88}},"24":{"start":{"line":25,"column":0},"end":{"line":25,"column":6}},"25":{"start":{"line":26,"column":0},"end":{"line":26,"column":90}},"26":{"start":{"line":27,"column":0},"end":{"line":27,"column":0}},"27":{"start":{"line":28,"column":0},"end":{"line":28,"column":44}},"28":{"start":{"line":29,"column":0},"end":{"line":29,"column":9}},"29":{"start":{"line":30,"column":0},"end":{"line":30,"column":70}},"30":{"start":{"line":31,"column":0},"end":{"line":31,"column":49}},"31":{"start":{"line":32,"column":0},"end":{"line":32,"column":60}},"32":{"start":{"line":33,"column":0},"end":{"line":33,"column":55}},"33":{"start":{"line":34,"column":0},"end":{"line":34,"column":31}},"34":{"start":{"line":35,"column":0},"end":{"line":35,"column":71}},"35":{"start":{"line":36,"column":0},"end":{"line":36,"column":89}},"36":{"start":{"line":37,"column":0},"end":{"line":37,"column":37}},"37":{"start":{"line":38,"column":0},"end":{"line":38,"column":93}},"38":{"start":{"line":39,"column":0},"end":{"line":39,"column":58}},"39":{"start":{"line":40,"column":0},"end":{"line":40,"column":104}},"40":{"start":{"line":41,"column":0},"end":{"line":41,"column":12}},"41":{"start":{"line":42,"column":0},"end":{"line":42,"column":111}},"42":{"start":{"line":43,"column":0},"end":{"line":43,"column":11}},"43":{"start":{"line":44,"column":0},"end":{"line":44,"column":7}},"44":{"start":{"line":45,"column":0},"end":{"line":45,"column":21}},"45":{"start":{"line":46,"column":0},"end":{"line":46,"column":84}},"46":{"start":{"line":47,"column":0},"end":{"line":47,"column":5}},"47":{"start":{"line":48,"column":0},"end":{"line":48,"column":41}},"48":{"start":{"line":49,"column":0},"end":{"line":49,"column":3}},"49":{"start":{"line":50,"column":0},"end":{"line":50,"column":0}},"50":{"start":{"line":51,"column":0},"end":{"line":51,"column":43}},"51":{"start":{"line":52,"column":0},"end":{"line":52,"column":9}},"52":{"start":{"line":53,"column":0},"end":{"line":53,"column":49}},"53":{"start":{"line":54,"column":0},"end":{"line":54,"column":0}},"54":{"start":{"line":55,"column":0},"end":{"line":55,"column":21}},"55":{"start":{"line":56,"column":0},"end":{"line":56,"column":45}},"56":{"start":{"line":57,"column":0},"end":{"line":57,"column":105}},"57":{"start":{"line":58,"column":0},"end":{"line":58,"column":31}},"58":{"start":{"line":59,"column":0},"end":{"line":59,"column":69}},"59":{"start":{"line":60,"column":0},"end":{"line":60,"column":73}},"60":{"start":{"line":61,"column":0},"end":{"line":61,"column":69}},"61":{"start":{"line":62,"column":0},"end":{"line":62,"column":69}},"62":{"start":{"line":63,"column":0},"end":{"line":63,"column":67}},"63":{"start":{"line":64,"column":0},"end":{"line":64,"column":113}},"64":{"start":{"line":65,"column":0},"end":{"line":65,"column":10}},"65":{"start":{"line":66,"column":0},"end":{"line":66,"column":42}},"66":{"start":{"line":67,"column":0},"end":{"line":67,"column":131}},"67":{"start":{"line":68,"column":0},"end":{"line":68,"column":100}},"68":{"start":{"line":69,"column":0},"end":{"line":69,"column":7}},"69":{"start":{"line":70,"column":0},"end":{"line":70,"column":0}},"70":{"start":{"line":71,"column":0},"end":{"line":71,"column":23}},"71":{"start":{"line":72,"column":0},"end":{"line":72,"column":60}},"72":{"start":{"line":73,"column":0},"end":{"line":73,"column":65}},"73":{"start":{"line":74,"column":0},"end":{"line":74,"column":43}},"74":{"start":{"line":75,"column":0},"end":{"line":75,"column":113}},"75":{"start":{"line":76,"column":0},"end":{"line":76,"column":36}},"76":{"start":{"line":77,"column":0},"end":{"line":77,"column":60}},"77":{"start":{"line":78,"column":0},"end":{"line":78,"column":64}},"78":{"start":{"line":79,"column":0},"end":{"line":79,"column":60}},"79":{"start":{"line":80,"column":0},"end":{"line":80,"column":60}},"80":{"start":{"line":81,"column":0},"end":{"line":81,"column":58}},"81":{"start":{"line":82,"column":0},"end":{"line":82,"column":14}},"82":{"start":{"line":83,"column":0},"end":{"line":83,"column":138}},"83":{"start":{"line":84,"column":0},"end":{"line":84,"column":115}},"84":{"start":{"line":85,"column":0},"end":{"line":85,"column":11}},"85":{"start":{"line":86,"column":0},"end":{"line":86,"column":11}},"86":{"start":{"line":87,"column":0},"end":{"line":87,"column":7}},"87":{"start":{"line":88,"column":0},"end":{"line":88,"column":120}},"88":{"start":{"line":89,"column":0},"end":{"line":89,"column":21}},"89":{"start":{"line":90,"column":0},"end":{"line":90,"column":79}},"90":{"start":{"line":91,"column":0},"end":{"line":91,"column":5}},"91":{"start":{"line":92,"column":0},"end":{"line":92,"column":3}},"92":{"start":{"line":93,"column":0},"end":{"line":93,"column":1}}},"s":{"0":1,"1":1,"2":1,"3":1,"4":1,"5":1,"6":1,"7":1,"8":1,"9":1,"10":3,"11":3,"12":1,"13":1,"14":3,"15":3,"16":3,"17":3,"18":3,"19":3,"20":3,"21":3,"22":3,"23":3,"24":3,"25":3,"26":3,"27":3,"28":3,"29":3,"30":3,"31":3,"32":1,"33":2,"34":2,"35":2,"36":2,"37":2,"38":2,"39":2,"40":2,"41":2,"42":1,"43":1,"44":3,"45":1,"46":1,"47":3,"48":3,"49":1,"50":1,"51":3,"52":3,"53":2,"54":2,"55":2,"56":2,"57":2,"58":2,"59":2,"60":2,"61":2,"62":2,"63":2,"64":2,"65":2,"66":2,"67":2,"68":2,"69":2,"70":2,"71":3,"72":1,"73":2,"74":2,"75":2,"76":2,"77":2,"78":2,"79":2,"80":2,"81":2,"82":2,"83":2,"84":2,"85":1,"86":1,"87":2,"88":3,"89":1,"90":1,"91":3,"92":1},"branchMap":{"0":{"type":"branch","line":10,"loc":{"start":{"line":10,"column":2},"end":{"line":12,"column":3}},"locations":[{"start":{"line":10,"column":2},"end":{"line":12,"column":3}}]},"1":{"type":"branch","line":14,"loc":{"start":{"line":14,"column":12},"end":{"line":49,"column":3}},"locations":[{"start":{"line":14,"column":12},"end":{"line":49,"column":3}}]},"2":{"type":"branch","line":32,"loc":{"start":{"line":32,"column":-1},"end":{"line":32,"column":57}},"locations":[{"start":{"line":32,"column":-1},"end":{"line":32,"column":57}}]},"3":{"type":"branch","line":32,"loc":{"start":{"line":32,"column":59},"end":{"line":44,"column":7}},"locations":[{"start":{"line":32,"column":59},"end":{"line":44,"column":7}}]},"4":{"type":"branch","line":45,"loc":{"start":{"line":45,"column":6},"end":{"line":47,"column":5}},"locations":[{"start":{"line":45,"column":6},"end":{"line":47,"column":5}}]},"5":{"type":"branch","line":33,"loc":{"start":{"line":33,"column":33},"end":{"line":43,"column":9}},"locations":[{"start":{"line":33,"column":33},"end":{"line":43,"column":9}}]},"6":{"type":"branch","line":51,"loc":{"start":{"line":51,"column":12},"end":{"line":92,"column":3}},"locations":[{"start":{"line":51,"column":12},"end":{"line":92,"column":3}}]},"7":{"type":"branch","line":54,"loc":{"start":{"line":54,"column":-1},"end":{"line":72,"column":57}},"locations":[{"start":{"line":54,"column":-1},"end":{"line":72,"column":57}}]},"8":{"type":"branch","line":59,"loc":{"start":{"line":59,"column":56},"end":{"line":59,"column":65}},"locations":[{"start":{"line":59,"column":56},"end":{"line":59,"column":65}}]},"9":{"type":"branch","line":60,"loc":{"start":{"line":60,"column":60},"end":{"line":60,"column":69}},"locations":[{"start":{"line":60,"column":60},"end":{"line":60,"column":69}}]},"10":{"type":"branch","line":61,"loc":{"start":{"line":61,"column":56},"end":{"line":61,"column":65}},"locations":[{"start":{"line":61,"column":56},"end":{"line":61,"column":65}}]},"11":{"type":"branch","line":62,"loc":{"start":{"line":62,"column":56},"end":{"line":62,"column":65}},"locations":[{"start":{"line":62,"column":56},"end":{"line":62,"column":65}}]},"12":{"type":"branch","line":63,"loc":{"start":{"line":63,"column":54},"end":{"line":63,"column":63}},"locations":[{"start":{"line":63,"column":54},"end":{"line":63,"column":63}}]},"13":{"type":"branch","line":64,"loc":{"start":{"line":64,"column":40},"end":{"line":64,"column":49}},"locations":[{"start":{"line":64,"column":40},"end":{"line":64,"column":49}}]},"14":{"type":"branch","line":72,"loc":{"start":{"line":72,"column":59},"end":{"line":87,"column":7}},"locations":[{"start":{"line":72,"column":59},"end":{"line":87,"column":7}}]},"15":{"type":"branch","line":88,"loc":{"start":{"line":88,"column":-1},"end":{"line":89,"column":13}},"locations":[{"start":{"line":88,"column":-1},"end":{"line":89,"column":13}}]},"16":{"type":"branch","line":89,"loc":{"start":{"line":89,"column":6},"end":{"line":91,"column":5}},"locations":[{"start":{"line":89,"column":6},"end":{"line":91,"column":5}}]},"17":{"type":"branch","line":67,"loc":{"start":{"line":67,"column":43},"end":{"line":67,"column":129}},"locations":[{"start":{"line":67,"column":43},"end":{"line":67,"column":129}}]},"18":{"type":"branch","line":67,"loc":{"start":{"line":67,"column":91},"end":{"line":67,"column":129}},"locations":[{"start":{"line":67,"column":91},"end":{"line":67,"column":129}}]},"19":{"type":"branch","line":73,"loc":{"start":{"line":73,"column":33},"end":{"line":86,"column":9}},"locations":[{"start":{"line":73,"column":33},"end":{"line":86,"column":9}}]},"20":{"type":"branch","line":83,"loc":{"start":{"line":83,"column":48},"end":{"line":83,"column":136}},"locations":[{"start":{"line":83,"column":48},"end":{"line":83,"column":136}}]},"21":{"type":"branch","line":83,"loc":{"start":{"line":83,"column":97},"end":{"line":83,"column":136}},"locations":[{"start":{"line":83,"column":97},"end":{"line":83,"column":136}}]}},"b":{"0":[3],"1":[3],"2":[2],"3":[1],"4":[1],"5":[2],"6":[3],"7":[2],"8":[1],"9":[1],"10":[1],"11":[1],"12":[1],"13":[1],"14":[1],"15":[2],"16":[1],"17":[12],"18":[6],"19":[2],"20":[10],"21":[0]},"fnMap":{"0":{"name":"CpuLoad","decl":{"start":{"line":10,"column":2},"end":{"line":12,"column":3}},"loc":{"start":{"line":10,"column":2},"end":{"line":12,"column":3}},"line":10},"1":{"name":"publishDiscovery","decl":{"start":{"line":14,"column":12},"end":{"line":49,"column":3}},"loc":{"start":{"line":14,"column":12},"end":{"line":49,"column":3}},"line":14},"2":{"name":"update","decl":{"start":{"line":51,"column":12},"end":{"line":92,"column":3}},"loc":{"start":{"line":51,"column":12},"end":{"line":92,"column":3}},"line":51}},"f":{"0":3,"1":3,"2":3}}
,"/home/mallanic/Projects/mqtt-system-agent/src/features/cpu/CpuTemperature.ts": {"path":"/home/mallanic/Projects/mqtt-system-agent/src/features/cpu/CpuTemperature.ts","all":false,"statementMap":{"0":{"start":{"line":1,"column":0},"end":{"line":1,"column":37}},"1":{"start":{"line":2,"column":0},"end":{"line":2,"column":0}},"2":{"start":{"line":3,"column":0},"end":{"line":3,"column":53}},"3":{"start":{"line":4,"column":0},"end":{"line":4,"column":46}},"4":{"start":{"line":5,"column":0},"end":{"line":5,"column":40}},"5":{"start":{"line":6,"column":0},"end":{"line":6,"column":0}},"6":{"start":{"line":7,"column":0},"end":{"line":7,"column":49}},"7":{"start":{"line":8,"column":0},"end":{"line":8,"column":80}},"8":{"start":{"line":9,"column":0},"end":{"line":9,"column":35}},"9":{"start":{"line":10,"column":0},"end":{"line":10,"column":3}},"10":{"start":{"line":11,"column":0},"end":{"line":11,"column":0}},"11":{"start":{"line":12,"column":0},"end":{"line":12,"column":53}},"12":{"start":{"line":13,"column":0},"end":{"line":13,"column":50}},"13":{"start":{"line":14,"column":0},"end":{"line":14,"column":0}},"14":{"start":{"line":15,"column":0},"end":{"line":15,"column":35}},"15":{"start":{"line":16,"column":0},"end":{"line":16,"column":25}},"16":{"start":{"line":17,"column":0},"end":{"line":17,"column":54}},"17":{"start":{"line":18,"column":0},"end":{"line":18,"column":70}},"18":{"start":{"line":19,"column":0},"end":{"line":19,"column":32}},"19":{"start":{"line":20,"column":0},"end":{"line":20,"column":34}},"20":{"start":{"line":21,"column":0},"end":{"line":21,"column":84}},"21":{"start":{"line":22,"column":0},"end":{"line":22,"column":85}},"22":{"start":{"line":23,"column":0},"end":{"line":23,"column":6}},"23":{"start":{"line":24,"column":0},"end":{"line":24,"column":92}},"24":{"start":{"line":25,"column":0},"end":{"line":25,"column":0}},"25":{"start":{"line":26,"column":0},"end":{"line":26,"column":43}},"26":{"start":{"line":27,"column":0},"end":{"line":27,"column":9}},"27":{"start":{"line":28,"column":0},"end":{"line":28,"column":52}},"28":{"start":{"line":29,"column":0},"end":{"line":29,"column":62}},"29":{"start":{"line":30,"column":0},"end":{"line":30,"column":56}},"30":{"start":{"line":31,"column":0},"end":{"line":31,"column":83}},"31":{"start":{"line":32,"column":0},"end":{"line":32,"column":33}},"32":{"start":{"line":33,"column":0},"end":{"line":33,"column":80}},"33":{"start":{"line":34,"column":0},"end":{"line":34,"column":91}},"34":{"start":{"line":35,"column":0},"end":{"line":35,"column":40}},"35":{"start":{"line":36,"column":0},"end":{"line":36,"column":42}},"36":{"start":{"line":37,"column":0},"end":{"line":37,"column":92}},"37":{"start":{"line":38,"column":0},"end":{"line":38,"column":14}},"38":{"start":{"line":39,"column":0},"end":{"line":39,"column":113}},"39":{"start":{"line":40,"column":0},"end":{"line":40,"column":11}},"40":{"start":{"line":41,"column":0},"end":{"line":41,"column":11}},"41":{"start":{"line":42,"column":0},"end":{"line":42,"column":7}},"42":{"start":{"line":43,"column":0},"end":{"line":43,"column":67}},"43":{"start":{"line":44,"column":0},"end":{"line":44,"column":64}},"44":{"start":{"line":45,"column":0},"end":{"line":45,"column":59}},"45":{"start":{"line":46,"column":0},"end":{"line":46,"column":36}},"46":{"start":{"line":47,"column":0},"end":{"line":47,"column":35}},"47":{"start":{"line":48,"column":0},"end":{"line":48,"column":82}},"48":{"start":{"line":49,"column":0},"end":{"line":49,"column":93}},"49":{"start":{"line":50,"column":0},"end":{"line":50,"column":40}},"50":{"start":{"line":51,"column":0},"end":{"line":51,"column":42}},"51":{"start":{"line":52,"column":0},"end":{"line":52,"column":92}},"52":{"start":{"line":53,"column":0},"end":{"line":53,"column":14}},"53":{"start":{"line":54,"column":0},"end":{"line":54,"column":81}},"54":{"start":{"line":55,"column":0},"end":{"line":55,"column":89}},"55":{"start":{"line":56,"column":0},"end":{"line":56,"column":122}},"56":{"start":{"line":57,"column":0},"end":{"line":57,"column":13}},"57":{"start":{"line":58,"column":0},"end":{"line":58,"column":11}},"58":{"start":{"line":59,"column":0},"end":{"line":59,"column":11}},"59":{"start":{"line":60,"column":0},"end":{"line":60,"column":7}},"60":{"start":{"line":61,"column":0},"end":{"line":61,"column":21}},"61":{"start":{"line":62,"column":0},"end":{"line":62,"column":98}},"62":{"start":{"line":63,"column":0},"end":{"line":63,"column":57}},"63":{"start":{"line":64,"column":0},"end":{"line":64,"column":5}},"64":{"start":{"line":65,"column":0},"end":{"line":65,"column":41}},"65":{"start":{"line":66,"column":0},"end":{"line":66,"column":3}},"66":{"start":{"line":67,"column":0},"end":{"line":67,"column":0}},"67":{"start":{"line":68,"column":0},"end":{"line":68,"column":43}},"68":{"start":{"line":69,"column":0},"end":{"line":69,"column":9}},"69":{"start":{"line":70,"column":0},"end":{"line":70,"column":45}},"70":{"start":{"line":71,"column":0},"end":{"line":71,"column":0}},"71":{"start":{"line":72,"column":0},"end":{"line":72,"column":94}},"72":{"start":{"line":73,"column":0},"end":{"line":73,"column":88}},"73":{"start":{"line":74,"column":0},"end":{"line":74,"column":14}},"74":{"start":{"line":75,"column":0},"end":{"line":75,"column":88}},"75":{"start":{"line":76,"column":0},"end":{"line":76,"column":7}},"76":{"start":{"line":77,"column":0},"end":{"line":77,"column":6}},"77":{"start":{"line":78,"column":0},"end":{"line":78,"column":48}},"78":{"start":{"line":79,"column":0},"end":{"line":79,"column":67}},"79":{"start":{"line":80,"column":0},"end":{"line":80,"column":92}},"80":{"start":{"line":81,"column":0},"end":{"line":81,"column":0}},"81":{"start":{"line":82,"column":0},"end":{"line":82,"column":0}},"82":{"start":{"line":83,"column":0},"end":{"line":83,"column":48}},"83":{"start":{"line":84,"column":0},"end":{"line":84,"column":55}},"84":{"start":{"line":85,"column":0},"end":{"line":85,"column":34}},"85":{"start":{"line":86,"column":0},"end":{"line":86,"column":104}},"86":{"start":{"line":87,"column":0},"end":{"line":87,"column":11}},"87":{"start":{"line":88,"column":0},"end":{"line":88,"column":11}},"88":{"start":{"line":89,"column":0},"end":{"line":89,"column":7}},"89":{"start":{"line":90,"column":0},"end":{"line":90,"column":50}},"90":{"start":{"line":91,"column":0},"end":{"line":91,"column":58}},"91":{"start":{"line":92,"column":0},"end":{"line":92,"column":96}},"92":{"start":{"line":93,"column":0},"end":{"line":93,"column":108}},"93":{"start":{"line":94,"column":0},"end":{"line":94,"column":11}},"94":{"start":{"line":95,"column":0},"end":{"line":95,"column":11}},"95":{"start":{"line":96,"column":0},"end":{"line":96,"column":7}},"96":{"start":{"line":97,"column":0},"end":{"line":97,"column":21}},"97":{"start":{"line":98,"column":0},"end":{"line":98,"column":86}},"98":{"start":{"line":99,"column":0},"end":{"line":99,"column":5}},"99":{"start":{"line":100,"column":0},"end":{"line":100,"column":3}},"100":{"start":{"line":101,"column":0},"end":{"line":101,"column":1}}},"s":{"0":1,"1":1,"2":1,"3":1,"4":1,"5":1,"6":1,"7":1,"8":4,"9":4,"10":1,"11":1,"12":4,"13":4,"14":4,"15":4,"16":4,"17":4,"18":4,"19":4,"20":4,"21":4,"22":4,"23":4,"24":4,"25":4,"26":4,"27":4,"28":4,"29":2,"30":3,"31":3,"32":3,"33":3,"34":3,"35":3,"36":3,"37":3,"38":3,"39":3,"40":2,"41":2,"42":3,"43":4,"44":0,"45":0,"46":0,"47":0,"48":0,"49":0,"50":0,"51":0,"52":0,"53":0,"54":0,"55":0,"56":0,"57":0,"58":0,"59":0,"60":4,"61":1,"62":1,"63":1,"64":4,"65":4,"66":1,"67":1,"68":4,"69":4,"70":3,"71":4,"72":2,"73":4,"74":1,"75":1,"76":3,"77":3,"78":3,"79":3,"80":3,"81":3,"82":4,"83":2,"84":3,"85":3,"86":3,"87":2,"88":2,"89":4,"90":0,"91":0,"92":0,"93":0,"94":0,"95":0,"96":4,"97":1,"98":1,"99":4,"100":1},"branchMap":{"0":{"type":"branch","line":8,"loc":{"start":{"line":8,"column":2},"end":{"line":10,"column":3}},"locations":[{"start":{"line":8,"column":2},"end":{"line":10,"column":3}}]},"1":{"type":"branch","line":12,"loc":{"start":{"line":12,"column":12},"end":{"line":66,"column":3}},"locations":[{"start":{"line":12,"column":12},"end":{"line":66,"column":3}}]},"2":{"type":"branch","line":29,"loc":{"start":{"line":29,"column":-1},"end":{"line":29,"column":59}},"locations":[{"start":{"line":29,"column":-1},"end":{"line":29,"column":59}}]},"3":{"type":"branch","line":29,"loc":{"start":{"line":29,"column":61},"end":{"line":42,"column":7}},"locations":[{"start":{"line":29,"column":61},"end":{"line":42,"column":7}}]},"4":{"type":"branch","line":43,"loc":{"start":{"line":43,"column":-1},"end":{"line":44,"column":32}},"locations":[{"start":{"line":43,"column":-1},"end":{"line":44,"column":32}}]},"5":{"type":"branch","line":44,"loc":{"start":{"line":44,"column":28},"end":{"line":44,"column":61}},"locations":[{"start":{"line":44,"column":28},"end":{"line":44,"column":61}}]},"6":{"type":"branch","line":44,"loc":{"start":{"line":44,"column":63},"end":{"line":60,"column":7}},"locations":[{"start":{"line":44,"column":63},"end":{"line":60,"column":7}}]},"7":{"type":"branch","line":61,"loc":{"start":{"line":61,"column":6},"end":{"line":64,"column":5}},"locations":[{"start":{"line":61,"column":6},"end":{"line":64,"column":5}}]},"8":{"type":"branch","line":30,"loc":{"start":{"line":30,"column":34},"end":{"line":41,"column":9}},"locations":[{"start":{"line":30,"column":34},"end":{"line":41,"column":9}}]},"9":{"type":"branch","line":68,"loc":{"start":{"line":68,"column":12},"end":{"line":100,"column":3}},"locations":[{"start":{"line":68,"column":12},"end":{"line":100,"column":3}}]},"10":{"type":"branch","line":71,"loc":{"start":{"line":71,"column":-1},"end":{"line":72,"column":48}},"locations":[{"start":{"line":71,"column":-1},"end":{"line":72,"column":48}}]},"11":{"type":"branch","line":72,"loc":{"start":{"line":72,"column":50},"end":{"line":74,"column":7}},"locations":[{"start":{"line":72,"column":50},"end":{"line":74,"column":7}}]},"12":{"type":"branch","line":74,"loc":{"start":{"line":74,"column":7},"end":{"line":76,"column":7}},"locations":[{"start":{"line":74,"column":7},"end":{"line":76,"column":7}}]},"13":{"type":"branch","line":77,"loc":{"start":{"line":77,"column":-1},"end":{"line":83,"column":45}},"locations":[{"start":{"line":77,"column":-1},"end":{"line":83,"column":45}}]},"14":{"type":"branch","line":83,"loc":{"start":{"line":83,"column":47},"end":{"line":89,"column":7}},"locations":[{"start":{"line":83,"column":47},"end":{"line":89,"column":7}}]},"15":{"type":"branch","line":90,"loc":{"start":{"line":90,"column":-1},"end":{"line":90,"column":25}},"locations":[{"start":{"line":90,"column":-1},"end":{"line":90,"column":25}}]},"16":{"type":"branch","line":90,"loc":{"start":{"line":90,"column":21},"end":{"line":90,"column":47}},"locations":[{"start":{"line":90,"column":21},"end":{"line":90,"column":47}}]},"17":{"type":"branch","line":90,"loc":{"start":{"line":90,"column":49},"end":{"line":96,"column":7}},"locations":[{"start":{"line":90,"column":49},"end":{"line":96,"column":7}}]},"18":{"type":"branch","line":97,"loc":{"start":{"line":97,"column":6},"end":{"line":99,"column":5}},"locations":[{"start":{"line":97,"column":6},"end":{"line":99,"column":5}}]},"19":{"type":"branch","line":84,"loc":{"start":{"line":84,"column":27},"end":{"line":88,"column":9}},"locations":[{"start":{"line":84,"column":27},"end":{"line":88,"column":9}}]}},"b":{"0":[4],"1":[4],"2":[3],"3":[2],"4":[3],"5":[2],"6":[0],"7":[1],"8":[3],"9":[4],"10":[3],"11":[2],"12":[1],"13":[3],"14":[2],"15":[3],"16":[2],"17":[0],"18":[1],"19":[3]},"fnMap":{"0":{"name":"CpuTemperature","decl":{"start":{"line":8,"column":2},"end":{"line":10,"column":3}},"loc":{"start":{"line":8,"column":2},"end":{"line":10,"column":3}},"line":8},"1":{"name":"publishDiscovery","decl":{"start":{"line":12,"column":12},"end":{"line":66,"column":3}},"loc":{"start":{"line":12,"column":12},"end":{"line":66,"column":3}},"line":12},"2":{"name":"update","decl":{"start":{"line":68,"column":12},"end":{"line":100,"column":3}},"loc":{"start":{"line":68,"column":12},"end":{"line":100,"column":3}},"line":68}},"f":{"0":4,"1":4,"2":4}}
}
