TN:
SF:src/core/BaseFeature.ts
FN:23,BaseFeature
FN:42,get featureName
FN:46,start
FN:84,stop
FN:110,setup
FN:117,cleanup
FN:127,publishEntityDiscovery
FN:160,prefixTopic
FN:173,publishState
FN:189,publishAttributes
FNF:10
FNH:10
FNDA:7,BaseFeature
FNDA:39,get featureName
FNDA:7,start
FNDA:7,stop
FNDA:7,setup
FNDA:7,cleanup
FNDA:12,publishEntityDiscovery
FNDA:58,prefixTopic
FNDA:9,publishState
FNDA:7,publishAttributes
DA:1,1
DA:2,1
DA:3,1
DA:4,1
DA:5,1
DA:6,1
DA:7,1
DA:8,1
DA:9,1
DA:10,1
DA:11,1
DA:12,1
DA:13,1
DA:14,1
DA:15,1
DA:16,1
DA:17,1
DA:18,1
DA:19,1
DA:20,1
DA:21,1
DA:22,1
DA:23,1
DA:24,7
DA:25,7
DA:26,7
DA:27,7
DA:28,7
DA:29,7
DA:30,7
DA:31,7
DA:32,7
DA:33,7
DA:34,7
DA:35,1
DA:36,1
DA:37,1
DA:38,1
DA:39,1
DA:40,1
DA:41,1
DA:42,1
DA:43,39
DA:44,39
DA:45,1
DA:46,1
DA:47,7
DA:48,0
DA:49,0
DA:50,0
DA:51,7
DA:52,7
DA:53,7
DA:54,7
DA:55,7
DA:56,7
DA:57,7
DA:58,7
DA:59,7
DA:60,7
DA:61,7
DA:62,7
DA:63,0
DA:64,0
DA:65,0
DA:66,0
DA:67,0
DA:68,7
DA:69,7
DA:70,7
DA:71,7
DA:72,7
DA:73,7
DA:74,7
DA:75,0
DA:76,0
DA:77,7
DA:78,1
DA:79,1
DA:80,1
DA:81,1
DA:82,1
DA:83,1
DA:84,1
DA:85,7
DA:86,7
DA:87,7
DA:88,7
DA:89,7
DA:90,7
DA:91,7
DA:92,1
DA:93,1
DA:94,1
DA:95,1
DA:96,1
DA:97,1
DA:98,1
DA:99,1
DA:100,1
DA:101,1
DA:102,1
DA:103,1
DA:104,1
DA:105,1
DA:106,1
DA:107,1
DA:108,1
DA:109,1
DA:110,1
DA:111,7
DA:112,7
DA:113,1
DA:114,1
DA:115,1
DA:116,1
DA:117,1
DA:118,7
DA:119,7
DA:120,1
DA:121,1
DA:122,1
DA:123,1
DA:124,1
DA:125,1
DA:126,1
DA:127,1
DA:128,12
DA:129,12
DA:130,12
DA:131,12
DA:132,12
DA:133,12
DA:134,12
DA:135,12
DA:136,12
DA:137,12
DA:138,12
DA:139,12
DA:140,12
DA:141,12
DA:142,12
DA:143,12
DA:144,12
DA:145,12
DA:146,12
DA:147,12
DA:148,12
DA:149,12
DA:150,12
DA:151,12
DA:152,0
DA:153,0
DA:154,12
DA:155,1
DA:156,1
DA:157,1
DA:158,1
DA:159,1
DA:160,1
DA:161,58
DA:162,21
DA:163,21
DA:164,37
DA:165,37
DA:166,1
DA:167,1
DA:168,1
DA:169,1
DA:170,1
DA:171,1
DA:172,1
DA:173,1
DA:174,9
DA:175,9
DA:176,9
DA:177,9
DA:178,9
DA:179,0
DA:180,0
DA:181,9
DA:182,1
DA:183,1
DA:184,1
DA:185,1
DA:186,1
DA:187,1
DA:188,1
DA:189,1
DA:190,7
DA:191,7
DA:192,7
DA:193,7
DA:194,7
DA:195,0
DA:196,0
DA:197,7
DA:198,1
LF:198
LH:182
BRDA:23,0,0,7
BRDA:30,1,0,0
BRDA:42,2,0,39
BRDA:46,3,0,7
BRDA:47,4,0,0
BRDA:74,5,0,0
BRDA:84,6,0,7
BRDA:110,7,0,7
BRDA:117,8,0,7
BRDA:127,9,0,12
BRDA:134,10,0,0
BRDA:140,11,0,0
BRDA:141,12,0,9
BRDA:141,13,0,3
BRDA:142,14,0,0
BRDA:151,15,0,0
BRDA:146,16,0,144
BRDA:146,17,0,15
BRDA:160,18,0,58
BRDA:161,19,0,21
BRDA:164,20,0,37
BRDA:173,21,0,9
BRDA:178,22,0,0
BRDA:189,23,0,7
BRDA:194,24,0,0
BRF:25
BRH:16
end_of_record
TN:
SF:src/features/cpu/CpuLoad.ts
FN:10,CpuLoad
FN:14,publishDiscovery
FN:51,update
FNF:3
FNH:3
FNDA:3,CpuLoad
FNDA:3,publishDiscovery
FNDA:3,update
DA:1,1
DA:2,1
DA:3,1
DA:4,1
DA:5,1
DA:6,1
DA:7,1
DA:8,1
DA:9,1
DA:10,1
DA:11,3
DA:12,3
DA:13,1
DA:14,1
DA:15,3
DA:16,3
DA:17,3
DA:18,3
DA:19,3
DA:20,3
DA:21,3
DA:22,3
DA:23,3
DA:24,3
DA:25,3
DA:26,3
DA:27,3
DA:28,3
DA:29,3
DA:30,3
DA:31,3
DA:32,3
DA:33,1
DA:34,2
DA:35,2
DA:36,2
DA:37,2
DA:38,2
DA:39,2
DA:40,2
DA:41,2
DA:42,2
DA:43,1
DA:44,1
DA:45,3
DA:46,1
DA:47,1
DA:48,3
DA:49,3
DA:50,1
DA:51,1
DA:52,3
DA:53,3
DA:54,2
DA:55,2
DA:56,2
DA:57,2
DA:58,2
DA:59,2
DA:60,2
DA:61,2
DA:62,2
DA:63,2
DA:64,2
DA:65,2
DA:66,2
DA:67,2
DA:68,2
DA:69,2
DA:70,2
DA:71,2
DA:72,3
DA:73,1
DA:74,2
DA:75,2
DA:76,2
DA:77,2
DA:78,2
DA:79,2
DA:80,2
DA:81,2
DA:82,2
DA:83,2
DA:84,2
DA:85,2
DA:86,1
DA:87,1
DA:88,2
DA:89,3
DA:90,1
DA:91,1
DA:92,3
DA:93,1
LF:93
LH:93
BRDA:10,0,0,3
BRDA:14,1,0,3
BRDA:32,2,0,2
BRDA:32,3,0,1
BRDA:45,4,0,1
BRDA:33,5,0,2
BRDA:51,6,0,3
BRDA:54,7,0,2
BRDA:59,8,0,1
BRDA:60,9,0,1
BRDA:61,10,0,1
BRDA:62,11,0,1
BRDA:63,12,0,1
BRDA:64,13,0,1
BRDA:72,14,0,1
BRDA:88,15,0,2
BRDA:89,16,0,1
BRDA:67,17,0,12
BRDA:67,18,0,6
BRDA:73,19,0,2
BRDA:83,20,0,10
BRDA:83,21,0,0
BRF:22
BRH:21
end_of_record
TN:
SF:src/features/cpu/CpuTemperature.ts
FN:8,CpuTemperature
FN:12,publishDiscovery
FN:68,update
FNF:3
FNH:3
FNDA:4,CpuTemperature
FNDA:4,publishDiscovery
FNDA:4,update
DA:1,1
DA:2,1
DA:3,1
DA:4,1
DA:5,1
DA:6,1
DA:7,1
DA:8,1
DA:9,4
DA:10,4
DA:11,1
DA:12,1
DA:13,4
DA:14,4
DA:15,4
DA:16,4
DA:17,4
DA:18,4
DA:19,4
DA:20,4
DA:21,4
DA:22,4
DA:23,4
DA:24,4
DA:25,4
DA:26,4
DA:27,4
DA:28,4
DA:29,4
DA:30,2
DA:31,3
DA:32,3
DA:33,3
DA:34,3
DA:35,3
DA:36,3
DA:37,3
DA:38,3
DA:39,3
DA:40,3
DA:41,2
DA:42,2
DA:43,3
DA:44,4
DA:45,0
DA:46,0
DA:47,0
DA:48,0
DA:49,0
DA:50,0
DA:51,0
DA:52,0
DA:53,0
DA:54,0
DA:55,0
DA:56,0
DA:57,0
DA:58,0
DA:59,0
DA:60,0
DA:61,4
DA:62,1
DA:63,1
DA:64,1
DA:65,4
DA:66,4
DA:67,1
DA:68,1
DA:69,4
DA:70,4
DA:71,3
DA:72,4
DA:73,2
DA:74,4
DA:75,1
DA:76,1
DA:77,3
DA:78,3
DA:79,3
DA:80,3
DA:81,3
DA:82,3
DA:83,4
DA:84,2
DA:85,3
DA:86,3
DA:87,3
DA:88,2
DA:89,2
DA:90,4
DA:91,0
DA:92,0
DA:93,0
DA:94,0
DA:95,0
DA:96,0
DA:97,4
DA:98,1
DA:99,1
DA:100,4
DA:101,1
LF:101
LH:79
BRDA:8,0,0,4
BRDA:12,1,0,4
BRDA:29,2,0,3
BRDA:29,3,0,2
BRDA:43,4,0,3
BRDA:44,5,0,2
BRDA:44,6,0,0
BRDA:61,7,0,1
BRDA:30,8,0,3
BRDA:68,9,0,4
BRDA:71,10,0,3
BRDA:72,11,0,2
BRDA:74,12,0,1
BRDA:77,13,0,3
BRDA:83,14,0,2
BRDA:90,15,0,3
BRDA:90,16,0,2
BRDA:90,17,0,0
BRDA:97,18,0,1
BRDA:84,19,0,3
BRF:20
BRH:18
end_of_record
